<?xml version="1.0" encoding="UTF-8"?>
<!-- Generated by org.testng.reporters.JUnitReportReporter -->
<testsuite hostname="sakthivel-PC" name="ExecutionEngine.OnlineAppointments" tests="1" failures="0" timestamp="16 Aug 2016 13:24:33 GMT" time="38.107" errors="0">
  <testcase name="BookAppointment" time="38.107" classname="ExecutionEngine.OnlineAppointments"/>
</testsuite> <!-- ExecutionEngine.OnlineAppointments -->
