<?xml version="1.0" encoding="UTF-8"?>
<!-- Generated by org.testng.reporters.JUnitReportReporter -->
<<<<<<< HEAD
<testsuite hostname="sakthivel-PC" name="ExecutionEngine.OnlineAppointments" tests="5" failures="0" timestamp="8 Sep 2016 12:27:43 GMT" time="63.581" errors="0">
  <testcase name="ManageExpertsDiaries" time="20.521" classname="ExecutionEngine.OnlineAppointments"/>
  <testcase name="SearchAppointment" time="2.009" classname="ExecutionEngine.OnlineAppointments"/>
  <testcase name="RearrangeAppointment" time="8.006" classname="ExecutionEngine.OnlineAppointments"/>
  <testcase name="CancelAppointment" time="7.045" classname="ExecutionEngine.OnlineAppointments"/>
  <testcase name="BookAppointment" time="26.000" classname="ExecutionEngine.OnlineAppointments"/>
=======
<testsuite hostname="sakthivel-PC" name="ExecutionEngine.OnlineAppointments" tests="5" failures="0" timestamp="7 Sep 2016 06:05:26 GMT" time="53.065" errors="0">
  <testcase name="RearrangeAppointment" time="7.490" classname="ExecutionEngine.OnlineAppointments"/>
  <testcase name="BookAppointment" time="17.547" classname="ExecutionEngine.OnlineAppointments"/>
  <testcase name="ManageExpertsDiaries" time="18.883" classname="ExecutionEngine.OnlineAppointments"/>
  <testcase name="SearchAppointment" time="2.271" classname="ExecutionEngine.OnlineAppointments"/>
  <testcase name="CancelAppointment" time="6.874" classname="ExecutionEngine.OnlineAppointments"/>
>>>>>>> 50f0f5864fc2051c5e7393767baa28b53bc54298
</testsuite> <!-- ExecutionEngine.OnlineAppointments -->
