<?xml version="1.0" encoding="UTF-8"?>
<!-- Generated by org.testng.reporters.JUnitReportReporter -->
<testsuite hostname="sakthivel-PC" name="ExecutionEngine.OnlineAppointments" tests="5" failures="0" timestamp="7 Sep 2016 06:05:26 GMT" time="53.065" errors="0">
  <testcase name="RearrangeAppointment" time="7.490" classname="ExecutionEngine.OnlineAppointments"/>
  <testcase name="BookAppointment" time="17.547" classname="ExecutionEngine.OnlineAppointments"/>
  <testcase name="ManageExpertsDiaries" time="18.883" classname="ExecutionEngine.OnlineAppointments"/>
  <testcase name="SearchAppointment" time="2.271" classname="ExecutionEngine.OnlineAppointments"/>
  <testcase name="CancelAppointment" time="6.874" classname="ExecutionEngine.OnlineAppointments"/>
</testsuite> <!-- ExecutionEngine.OnlineAppointments -->
